<?xml version="1.0" encoding="UTF-8"?>
<!-- Generated by org.testng.reporters.JUnitReportReporter -->
<testsuite hostname="DESKTOP-JR15DS6" failures="0" tests="1" name="mt_Project.DW009" time="51.204" errors="0" timestamp="2020-11-05T11:46:28 IST" skipped="0">
  <testcase classname="mt_Project.DW009" name="f" time="51.204"/>
  <system-out/>
</testsuite> <!-- mt_Project.DW009 -->
